<?xml version="1.0" encoding="UTF-8"?>
<testng-results ignored="0" total="1" passed="1" failed="0" skipped="0">
  <reporter-output>
  </reporter-output>
  <suite started-at="2020-07-19T21:30:59 EDT" name="Default suite" finished-at="2020-07-19T21:31:34 EDT" duration-ms="35577">
    <groups>
    </groups>
    <test started-at="2020-07-19T21:30:59 EDT" name="Default test" finished-at="2020-07-19T21:31:34 EDT" duration-ms="35577">
      <class name="sample.Reg">
        <test-method signature="RegisterUser()[pri:0, instance:sample.Reg@4b44655e]" started-at="2020-07-19T21:30:59 EDT" name="RegisterUser" finished-at="2020-07-19T21:31:34 EDT" duration-ms="35475" status="PASS">
          <reporter-output>
          </reporter-output>
        </test-method> <!-- RegisterUser -->
      </class> <!-- sample.Reg -->
    </test> <!-- Default test -->
  </suite> <!-- Default suite -->
</testng-results>
